  glad.c
  main.cpp
  camera.cpp
C:\Users\pashaaliabadi\source\repos\RandomVoxelEngine\src\main.cpp(25,16): warning C4305: 'initializing': truncation from 'double' to 'float'
C:\Users\pashaaliabadi\source\repos\RandomVoxelEngine\src\main.cpp(29,17): warning C4244: 'initializing': conversion from 'double' to 'float', possible loss of data
C:\Users\pashaaliabadi\source\repos\RandomVoxelEngine\src\main.cpp(192,18): warning C4244: 'initializing': conversion from 'double' to 'float', possible loss of data
C:\Users\pashaaliabadi\source\repos\RandomVoxelEngine\src\main.cpp(195,53): warning C4244: 'argument': conversion from 'double' to 'float', possible loss of data
C:\Users\pashaaliabadi\source\repos\RandomVoxelEngine\src\main.cpp(263,20): warning C4244: '=': conversion from 'double' to 'float', possible loss of data
C:\Users\pashaaliabadi\source\repos\RandomVoxelEngine\src\main.cpp(264,21): warning C4244: '=': conversion from 'double' to 'float', possible loss of data
C:\Users\pashaaliabadi\source\repos\RandomVoxelEngine\src\main.cpp(265,13): warning C4244: '=': conversion from 'double' to 'float', possible loss of data
C:\Users\pashaaliabadi\source\repos\RandomVoxelEngine\src\main.cpp(266,13): warning C4244: '=': conversion from 'double' to 'float', possible loss of data
C:\Users\pashaaliabadi\source\repos\RandomVoxelEngine\src\main.cpp(268,31): warning C4305: 'initializing': truncation from 'double' to 'float'
C:\Users\pashaaliabadi\source\repos\RandomVoxelEngine\src\main.cpp(276,17): warning C4305: '=': truncation from 'double' to 'float'
C:\Users\pashaaliabadi\source\repos\RandomVoxelEngine\src\main.cpp(278,17): warning C4305: '=': truncation from 'double' to 'float'
  shader.cpp
  window.cpp
  Generating Code...
main.obj : error LNK2019: unresolved external symbol _glfwTerminate referenced in function _main
window.obj : error LNK2001: unresolved external symbol _glfwTerminate
main.obj : error LNK2019: unresolved external symbol _glfwGetPrimaryMonitor referenced in function "void __cdecl processInput(struct GLFWwindow *)" (?processInput@@YAXPAUGLFWwindow@@@Z)
main.obj : error LNK2019: unresolved external symbol _glfwGetVideoMode referenced in function "void __cdecl processInput(struct GLFWwindow *)" (?processInput@@YAXPAUGLFWwindow@@@Z)
main.obj : error LNK2019: unresolved external symbol _glfwSetWindowShouldClose referenced in function "void __cdecl processInput(struct GLFWwindow *)" (?processInput@@YAXPAUGLFWwindow@@@Z)
main.obj : error LNK2019: unresolved external symbol _glfwGetWindowMonitor referenced in function "void __cdecl processInput(struct GLFWwindow *)" (?processInput@@YAXPAUGLFWwindow@@@Z)
main.obj : error LNK2019: unresolved external symbol _glfwSetWindowMonitor referenced in function "void __cdecl processInput(struct GLFWwindow *)" (?processInput@@YAXPAUGLFWwindow@@@Z)
main.obj : error LNK2019: unresolved external symbol _glfwSetFramebufferSizeCallback referenced in function _main
main.obj : error LNK2019: unresolved external symbol _glfwPollEvents referenced in function _main
main.obj : error LNK2019: unresolved external symbol _glfwSetInputMode referenced in function _main
main.obj : error LNK2019: unresolved external symbol _glfwGetKey referenced in function "void __cdecl processInput(struct GLFWwindow *)" (?processInput@@YAXPAUGLFWwindow@@@Z)
main.obj : error LNK2019: unresolved external symbol _glfwSetCursorPosCallback referenced in function _main
main.obj : error LNK2019: unresolved external symbol _glfwGetTime referenced in function "void __cdecl `dynamic initializer for 'lastFrame''(void)" (??__ElastFrame@@YAXXZ)
main.obj : error LNK2019: unresolved external symbol _glfwSwapBuffers referenced in function _main
main.obj : error LNK2019: unresolved external symbol _glfwGetProcAddress referenced in function _main
window.obj : error LNK2019: unresolved external symbol _glfwInit referenced in function "public: __thiscall Window::Window(int,int,char const *,struct GLFWmonitor *)" (??0Window@@QAE@HHPBDPAUGLFWmonitor@@@Z)
window.obj : error LNK2019: unresolved external symbol _glfwWindowHint referenced in function "public: __thiscall Window::Window(int,int,char const *,struct GLFWmonitor *)" (??0Window@@QAE@HHPBDPAUGLFWmonitor@@@Z)
window.obj : error LNK2019: unresolved external symbol _glfwCreateWindow referenced in function "public: __thiscall Window::Window(int,int,char const *,struct GLFWmonitor *)" (??0Window@@QAE@HHPBDPAUGLFWmonitor@@@Z)
window.obj : error LNK2019: unresolved external symbol _glfwWindowShouldClose referenced in function "public: int __thiscall Window::getWindowCloseState(void)" (?getWindowCloseState@Window@@QAEHXZ)
window.obj : error LNK2019: unresolved external symbol _glfwMakeContextCurrent referenced in function "public: void __thiscall Window::makeWindowContextCurrent(void)" (?makeWindowContextCurrent@Window@@QAEXXZ)
C:\Users\pashaaliabadi\source\repos\RandomVoxelEngine\lib\GLFW\glfw3.lib : warning LNK4272: library machine type 'x64' conflicts with target machine type 'x86'
C:\Users\pashaaliabadi\source\repos\RandomVoxelEngine\Debug\RandomVoxelEngine.exe : fatal error LNK1120: 19 unresolved externals
